Copyright 1986-2022 Xilinx, Inc. All Rights Reserved. Copyright 2022-2023 Advanced Micro Devices, Inc. All Rights Reserved.
---------------------------------------------------------------------------------------------------------------------------------------------
| Tool Version : Vivado v.2023.2 (win64) Build 4029153 Fri Oct 13 20:14:34 MDT 2023
| Date         : Wed May 22 22:15:51 2024
| Host         : LAPTOP-KN6M2GCT running 64-bit major release  (build 9200)
| Command      : upgrade_project -migrate_output_products
| Project_Path : C:/Users/Lenovo/Documents/GitHub/CS202_CPU_Project/CS202CPU/CS202CPU.xpr
---------------------------------------------------------------------------------------------------------------------------------------------

Project Status Summary

1. Project IP Status
--------------------
This project contains 4 IP and 0 Block Designs.


1.1 Project IP Instances
+-------------+-------------------------+-------------------------------------+-------------------------------------+
| Instance    | Status                  | Reason                              | Recommendation                      |
| Name        |                         |                                     |                                     |
+-------------+-------------------------+-------------------------------------+-------------------------------------+
| RAM         | Will be Migrated.       |                                     |                                     |
+-------------+-------------------------+-------------------------------------+-------------------------------------+
| clk_wiz_0   | Will be Migrated.       |                                     |                                     |
+-------------+-------------------------+-------------------------------------+-------------------------------------+
| prgrom      | Will be Migrated.       |                                     |                                     |
+-------------+-------------------------+-------------------------------------+-------------------------------------+
| uart_bmpg_0 | Will be Migrated.       |                                     |                                     |
+-------------+-------------------------+-------------------------------------+-------------------------------------+



